mode: set
github.com/gipde/bodyweight/textgen.go:5.32,9.13 4 1
github.com/gipde/bodyweight/textgen.go:12.2,12.11 1 1
github.com/gipde/bodyweight/textgen.go:18.2,18.12 1 1
github.com/gipde/bodyweight/textgen.go:9.13,11.3 1 1
github.com/gipde/bodyweight/textgen.go:12.11,13.14 1 1
github.com/gipde/bodyweight/textgen.go:16.3,16.39 1 1
github.com/gipde/bodyweight/textgen.go:13.14,15.4 1 1
github.com/gipde/bodyweight/textgen.go:21.32,24.53 3 1
github.com/gipde/bodyweight/textgen.go:27.2,27.24 1 1
github.com/gipde/bodyweight/textgen.go:24.53,26.3 1 1
github.com/gipde/bodyweight/textgen.go:30.30,34.20 4 1
github.com/gipde/bodyweight/textgen.go:38.2,38.12 1 1
github.com/gipde/bodyweight/textgen.go:41.2,41.12 1 1
github.com/gipde/bodyweight/textgen.go:34.20,37.3 2 1
github.com/gipde/bodyweight/textgen.go:38.12,40.3 1 1
github.com/gipde/bodyweight/textgen.go:44.72,46.17 2 1
github.com/gipde/bodyweight/textgen.go:49.2,52.24 4 1
github.com/gipde/bodyweight/textgen.go:63.2,63.26 1 1
github.com/gipde/bodyweight/textgen.go:46.17,48.3 1 1
github.com/gipde/bodyweight/textgen.go:52.24,54.3 1 1
github.com/gipde/bodyweight/textgen.go:54.8,54.31 1 1
github.com/gipde/bodyweight/textgen.go:54.31,56.3 1 1
github.com/gipde/bodyweight/textgen.go:56.8,56.31 1 1
github.com/gipde/bodyweight/textgen.go:56.31,58.3 1 1
github.com/gipde/bodyweight/textgen.go:58.8,58.31 1 1
github.com/gipde/bodyweight/textgen.go:58.31,60.3 1 1
github.com/gipde/bodyweight/textgen.go:60.8,62.3 1 1
github.com/gipde/bodyweight/textgen.go:66.31,72.11 5 1
github.com/gipde/bodyweight/textgen.go:88.2,89.12 2 1
github.com/gipde/bodyweight/textgen.go:72.11,77.23 5 1
github.com/gipde/bodyweight/textgen.go:86.3,86.56 1 1
github.com/gipde/bodyweight/textgen.go:77.23,80.41 3 1
github.com/gipde/bodyweight/textgen.go:80.41,84.5 3 1
github.com/gipde/bodyweight/training.go:53.39,55.2 1 1
github.com/gipde/bodyweight/training.go:76.37,78.2 1 1
github.com/gipde/bodyweight/training.go:96.38,98.2 1 0
github.com/gipde/bodyweight/training.go:700.58,703.2 1 0
github.com/gipde/bodyweight/bodyweight.go:31.83,33.22 2 1
github.com/gipde/bodyweight/bodyweight.go:39.2,40.18 2 1
github.com/gipde/bodyweight/bodyweight.go:46.2,50.22 3 1
github.com/gipde/bodyweight/bodyweight.go:56.2,58.76 2 0
github.com/gipde/bodyweight/bodyweight.go:33.22,37.3 3 0
github.com/gipde/bodyweight/bodyweight.go:40.18,44.3 3 0
github.com/gipde/bodyweight/bodyweight.go:50.22,52.3 1 1
github.com/gipde/bodyweight/bodyweight.go:67.74,74.2 4 0
github.com/gipde/bodyweight/bodyweight.go:76.77,79.2 1 0
github.com/gipde/bodyweight/bodyweight.go:81.77,83.47 1 1
github.com/gipde/bodyweight/bodyweight.go:89.2,89.18 1 1
github.com/gipde/bodyweight/bodyweight.go:96.2,96.32 1 1
github.com/gipde/bodyweight/bodyweight.go:144.2,144.34 1 0
github.com/gipde/bodyweight/bodyweight.go:83.47,85.3 1 1
github.com/gipde/bodyweight/bodyweight.go:85.8,87.3 1 1
github.com/gipde/bodyweight/bodyweight.go:89.18,94.3 4 0
github.com/gipde/bodyweight/bodyweight.go:98.22,101.19 2 1
github.com/gipde/bodyweight/bodyweight.go:108.3,110.62 1 0
github.com/gipde/bodyweight/bodyweight.go:114.19,116.18 2 0
github.com/gipde/bodyweight/bodyweight.go:118.77,120.18 2 0
github.com/gipde/bodyweight/bodyweight.go:122.22,123.40 1 1
github.com/gipde/bodyweight/bodyweight.go:101.19,106.4 1 1
github.com/gipde/bodyweight/bodyweight.go:124.20,125.75 1 0
github.com/gipde/bodyweight/bodyweight.go:126.20,127.62 1 0
github.com/gipde/bodyweight/bodyweight.go:128.19,133.102 1 0
github.com/gipde/bodyweight/bodyweight.go:134.23,135.42 1 1
github.com/gipde/bodyweight/bodyweight.go:136.20,137.33 1 0
github.com/gipde/bodyweight/bodyweight.go:138.24,139.36 1 0
github.com/gipde/bodyweight/bodyweight.go:140.11,141.36 1 0
github.com/gipde/bodyweight/bodyweight.go:147.13,148.12 1 1
github.com/gipde/bodyweight/bodyweight.go:148.12,150.3 1 0
github.com/gipde/bodyweight/bodyweight.go:153.13,154.16 1 0
github.com/gipde/bodyweight/bodyweight.go:158.2,159.29 2 0
github.com/gipde/bodyweight/bodyweight.go:154.16,156.3 1 0
github.com/gipde/bodyweight/developtools.go:52.24,54.2 1 1
github.com/gipde/bodyweight/developtools.go:56.22,58.2 1 0
github.com/gipde/bodyweight/developtools.go:63.24,69.16 4 0
github.com/gipde/bodyweight/developtools.go:72.2,74.16 3 0
github.com/gipde/bodyweight/developtools.go:77.2,79.12 3 0
github.com/gipde/bodyweight/developtools.go:69.16,71.3 1 0
github.com/gipde/bodyweight/developtools.go:74.16,76.3 1 0
github.com/gipde/bodyweight/developtools.go:82.56,85.16 3 0
github.com/gipde/bodyweight/developtools.go:90.2,91.17 2 0
github.com/gipde/bodyweight/developtools.go:94.2,99.16 4 0
github.com/gipde/bodyweight/developtools.go:104.2,107.15 3 0
github.com/gipde/bodyweight/developtools.go:85.16,87.3 1 0
github.com/gipde/bodyweight/developtools.go:91.17,93.3 1 0
github.com/gipde/bodyweight/developtools.go:99.16,101.3 1 0
github.com/gipde/bodyweight/repository.go:26.33,28.2 1 1
github.com/gipde/bodyweight/repository.go:49.38,54.16 2 1
github.com/gipde/bodyweight/repository.go:60.2,60.27 1 1
github.com/gipde/bodyweight/repository.go:54.16,57.3 2 0
github.com/gipde/bodyweight/repository.go:64.42,66.20 2 1
github.com/gipde/bodyweight/repository.go:70.2,71.33 2 0
github.com/gipde/bodyweight/repository.go:76.2,76.16 1 0
github.com/gipde/bodyweight/repository.go:66.20,68.3 1 1
github.com/gipde/bodyweight/repository.go:71.33,72.53 1 0
github.com/gipde/bodyweight/repository.go:72.53,74.4 1 0
github.com/gipde/bodyweight/repository.go:79.53,91.27 2 1
github.com/gipde/bodyweight/repository.go:106.2,106.12 1 1
github.com/gipde/bodyweight/repository.go:91.27,93.37 2 0
github.com/gipde/bodyweight/repository.go:99.3,99.17 1 0
github.com/gipde/bodyweight/repository.go:104.3,104.18 1 0
github.com/gipde/bodyweight/repository.go:93.37,97.4 3 0
github.com/gipde/bodyweight/repository.go:99.17,102.4 2 0
github.com/gipde/bodyweight/repository.go:109.117,126.16 4 1
github.com/gipde/bodyweight/repository.go:131.2,138.16 3 1
github.com/gipde/bodyweight/repository.go:142.2,143.12 2 1
github.com/gipde/bodyweight/repository.go:126.16,129.3 2 0
github.com/gipde/bodyweight/repository.go:138.16,141.3 2 0
github.com/gipde/bodyweight/repository.go:146.24,148.25 2 0
github.com/gipde/bodyweight/repository.go:151.2,152.52 2 0
github.com/gipde/bodyweight/repository.go:148.25,150.3 1 0
github.com/gipde/bodyweight/repository.go:155.33,158.16 2 1
github.com/gipde/bodyweight/repository.go:162.2,162.38 1 1
github.com/gipde/bodyweight/repository.go:167.2,167.14 1 0
github.com/gipde/bodyweight/repository.go:158.16,161.3 2 0
github.com/gipde/bodyweight/repository.go:162.38,163.17 1 1
github.com/gipde/bodyweight/repository.go:163.17,165.4 1 1
github.com/gipde/bodyweight/repository.go:170.28,172.26 1 1
github.com/gipde/bodyweight/repository.go:172.26,205.17 4 0
github.com/gipde/bodyweight/repository.go:205.17,209.4 3 0
github.com/gipde/bodyweight/repository.go:210.8,212.3 1 1
github.com/gipde/bodyweight/repository.go:218.15,223.2 2 1
github.com/gipde/bodyweight/repository.go:225.13,228.2 2 1
github.com/gipde/bodyweight/responseBuilder.go:3.34,12.2 2 1
github.com/gipde/bodyweight/responseBuilder.go:14.53,17.2 2 0
github.com/gipde/bodyweight/responseBuilder.go:19.70,34.2 2 0
github.com/gipde/bodyweight/responseBuilder.go:36.47,43.2 2 0
github.com/gipde/bodyweight/responseBuilder.go:46.52,52.2 2 1
github.com/gipde/bodyweight/responseBuilder.go:54.36,56.2 1 0
github.com/gipde/bodyweight/responseBuilder.go:58.63,60.2 1 0
github.com/gipde/bodyweight/responseBuilder.go:62.81,65.2 2 0
github.com/gipde/bodyweight/responseBuilder.go:68.52,77.2 2 1
github.com/gipde/bodyweight/responseBuilder.go:79.83,92.15 2 1
github.com/gipde/bodyweight/responseBuilder.go:95.2,95.10 1 1
github.com/gipde/bodyweight/responseBuilder.go:92.15,94.3 1 0
